
> mps-gamified-classroom-management@0.0.0 build /Users/gilbert177777gmail.com/Desktop/Launch/mps_launch 4/apps/frontend
> vite build

[36mvite v6.3.5 [32mbuilding for production...[36m[39m
[2K[1Gtransforming (1) [2mindex.tsx[22m[2K[1Gtransforming (45) [2m../../node_modules/.pnpm/relative-time-format@1.1.6/node_modules/relative-time-format/modules/Relativ[2K[1Gtransforming (98) [2mutils/dataCache.ts[22m[2K[1G[33m../../node_modules/.pnpm/react-router@7.8.2_react-dom@19.1.1_react@19.1.1__react@19.1.1/node_modules/react-router/dist/development/index.mjs (11:0): Module level directives cause errors when bundled, "use client" in "../../node_modules/.pnpm/react-router@7.8.2_react-dom@19.1.1_react@19.1.1__react@19.1.1/node_modules/react-router/dist/development/index.mjs" was ignored.[39m
[2K[1G[33m../../node_modules/.pnpm/react-router@7.8.2_react-dom@19.1.1_react@19.1.1__react@19.1.1/node_modules/react-router/dist/development/dom-export.mjs (1:0): Module level directives cause errors when bundled, "use client" in "../../node_modules/.pnpm/react-router@7.8.2_react-dom@19.1.1_react@19.1.1__react@19.1.1/node_modules/react-router/dist/development/dom-export.mjs" was ignored.[39m
[2K[1G[32m✓[39m 164 modules transformed.
[2K[1Grendering chunks (1)...[2K[1Grendering chunks (2)...[2K[1Grendering chunks (3)...[2K[1Grendering chunks (4)...[2K[1Grendering chunks (5)...[2K[1Grendering chunks (6)...[2K[1Grendering chunks (7)...[2K[1Grendering chunks (8)...[2K[1Grendering chunks (9)...[2K[1Grendering chunks (10)...[2K[1Grendering chunks (11)...[2K[1Grendering chunks (12)...[2K[1Grendering chunks (13)...[2K[1Grendering chunks (14)...[2K[1Grendering chunks (15)...[2K[1Grendering chunks (16)...[2K[1Grendering chunks (17)...[2K[1Grendering chunks (18)...[2K[1Grendering chunks (19)...[2K[1Grendering chunks (20)...[2K[1Grendering chunks (21)...[2K[1Grendering chunks (22)...[2K[1Grendering chunks (23)...[2K[1Grendering chunks (24)...[2K[1Grendering chunks (25)...[2K[1Grendering chunks (26)...[2K[1Grendering chunks (27)...[2K[1Grendering chunks (28)...[2K[1Grendering chunks (29)...[2K[1Grendering chunks (30)...[2K[1Grendering chunks (31)...[2K[1G[2K[1Gcomputing gzip size (0)...[2K[1Gcomputing gzip size (1)...[2K[1Gcomputing gzip size (2)...[2K[1Gcomputing gzip size (3)...[2K[1Gcomputing gzip size (4)...[2K[1Gcomputing gzip size (5)...[2K[1Gcomputing gzip size (6)...[2K[1Gcomputing gzip size (7)...[2K[1Gcomputing gzip size (8)...[2K[1Gcomputing gzip size (9)...[2K[1Gcomputing gzip size (10)...[2K[1Gcomputing gzip size (11)...[2K[1Gcomputing gzip size (12)...[2K[1Gcomputing gzip size (13)...[2K[1Gcomputing gzip size (14)...[2K[1Gcomputing gzip size (15)...[2K[1Gcomputing gzip size (16)...[2K[1Gcomputing gzip size (17)...[2K[1Gcomputing gzip size (18)...[2K[1Gcomputing gzip size (19)...[2K[1Gcomputing gzip size (20)...[2K[1Gcomputing gzip size (21)...[2K[1Gcomputing gzip size (22)...[2K[1Gcomputing gzip size (23)...[2K[1Gcomputing gzip size (24)...[2K[1Gcomputing gzip size (25)...[2K[1Gcomputing gzip size (26)...[2K[1Gcomputing gzip size (27)...[2K[1Gcomputing gzip size (28)...[2K[1Gcomputing gzip size (29)...[2K[1Gcomputing gzip size (30)...[2K[1Gcomputing gzip size (31)...[2K[1Gcomputing gzip size (32)...[2K[1Gcomputing gzip size (33)...[2K[1G[2mdist/[22m[32mindex.html                                       [39m[1m[2m  2.99 kB[22m[1m[22m[2m │ gzip:  1.13 kB[22m
[2mdist/[22m[2massets/[22m[35mindex-CBU9cYQq.css                        [39m[1m[2m  0.42 kB[22m[1m[22m[2m │ gzip:  0.25 kB[22m
[2mdist/[22m[2massets/[22m[36museDebounce-asKSO7a3.js                   [39m[1m[2m  0.19 kB[22m[1m[22m[2m │ gzip:  0.17 kB[22m
[2mdist/[22m[2massets/[22m[36mSelect-8BHYmcz2.js                        [39m[1m[2m  0.34 kB[22m[1m[22m[2m │ gzip:  0.25 kB[22m
[2mdist/[22m[2massets/[22m[36mBadgeIconRenderer-BjDhwt68.js             [39m[1m[2m  0.38 kB[22m[1m[22m[2m │ gzip:  0.23 kB[22m
[2mdist/[22m[2massets/[22m[36muserCreation.service-BREgJdcO.js          [39m[1m[2m  0.41 kB[22m[1m[22m[2m │ gzip:  0.20 kB[22m
[2mdist/[22m[2massets/[22m[36mConfirmationModal-BIShm4Uh.js             [39m[1m[2m  0.84 kB[22m[1m[22m[2m │ gzip:  0.50 kB[22m
[2mdist/[22m[2massets/[22m[36mhelpers-CZmsnP6e.js                       [39m[1m[2m  1.07 kB[22m[1m[22m[2m │ gzip:  0.51 kB[22m
[2mdist/[22m[2massets/[22m[36mTable-BxJM7VI6.js                         [39m[1m[2m  1.14 kB[22m[1m[22m[2m │ gzip:  0.40 kB[22m
[2mdist/[22m[2massets/[22m[36mAuditLogViewer-CeU-S0qv.js                [39m[1m[2m  1.54 kB[22m[1m[22m[2m │ gzip:  0.72 kB[22m
[2mdist/[22m[2massets/[22m[36mModal-C0AmFXGt.js                         [39m[1m[2m  2.33 kB[22m[1m[22m[2m │ gzip:  1.15 kB[22m
[2mdist/[22m[2massets/[22m[36mSearchableSingleUserSelector-CVEdV2zx.js  [39m[1m[2m  3.45 kB[22m[1m[22m[2m │ gzip:  1.43 kB[22m
[2mdist/[22m[2massets/[22m[36mBulkActionWidget-DqMDgXFB.js              [39m[1m[2m  3.53 kB[22m[1m[22m[2m │ gzip:  1.29 kB[22m
[2mdist/[22m[2massets/[22m[36mSystemHealthWidget-C1O8rsd8.js            [39m[1m[2m  3.69 kB[22m[1m[22m[2m │ gzip:  1.25 kB[22m
[2mdist/[22m[2massets/[22m[36mvalidation-qENwVEfP.js                    [39m[1m[2m  4.62 kB[22m[1m[22m[2m │ gzip:  2.08 kB[22m
[2mdist/[22m[2massets/[22m[36mClassManagement-AdnHbLQB.js               [39m[1m[2m  4.66 kB[22m[1m[22m[2m │ gzip:  1.97 kB[22m
[2mdist/[22m[2massets/[22m[36mTeacherReportViewer-DokwPJuH.js           [39m[1m[2m  5.21 kB[22m[1m[22m[2m │ gzip:  1.91 kB[22m
[2mdist/[22m[2massets/[22m[36mAppealManagerWidget-BJAsz6qX.js           [39m[1m[2m  5.29 kB[22m[1m[22m[2m │ gzip:  1.88 kB[22m
[2mdist/[22m[2massets/[22m[36mParentDashboard-DbwWhEY1.js               [39m[1m[2m  5.81 kB[22m[1m[22m[2m │ gzip:  2.08 kB[22m
[2mdist/[22m[2massets/[22m[36mActionPresetManagement-CBnQ8pBI.js        [39m[1m[2m  6.41 kB[22m[1m[22m[2m │ gzip:  2.47 kB[22m
[2mdist/[22m[2massets/[22m[36mBadgeManagementPage-D0haulU7.js           [39m[1m[2m  6.69 kB[22m[1m[22m[2m │ gzip:  2.28 kB[22m
[2mdist/[22m[2massets/[22m[36mStudentStatsDisplay-Fnx2h-dH.js           [39m[1m[2m  7.62 kB[22m[1m[22m[2m │ gzip:  1.94 kB[22m
[2mdist/[22m[2massets/[22m[36mAwardsStatisticsWidget-ZP43yXMK.js        [39m[1m[2m  8.91 kB[22m[1m[22m[2m │ gzip:  2.24 kB[22m
[2mdist/[22m[2massets/[22m[36mUserRegistration-DA8u1aJ1.js              [39m[1m[2m  9.67 kB[22m[1m[22m[2m │ gzip:  3.14 kB[22m
[2mdist/[22m[2massets/[22m[36mQuestManagement-C7_mFNng.js               [39m[1m[2m 10.11 kB[22m[1m[22m[2m │ gzip:  3.55 kB[22m
[2mdist/[22m[2massets/[22m[36mBadgeManagement-YJGO07cZ.js               [39m[1m[2m 10.17 kB[22m[1m[22m[2m │ gzip:  3.25 kB[22m
[2mdist/[22m[2massets/[22m[36mReportTeacherFooter-shY08em2.js           [39m[1m[2m 11.52 kB[22m[1m[22m[2m │ gzip:  4.10 kB[22m
[2mdist/[22m[2massets/[22m[36mAdminDashboard-C3pjMXJN.js                [39m[1m[2m 15.74 kB[22m[1m[22m[2m │ gzip:  4.70 kB[22m
[2mdist/[22m[2massets/[22m[36mUserManagement-BiSWfstQ.js                [39m[1m[2m 19.39 kB[22m[1m[22m[2m │ gzip:  5.80 kB[22m
[2mdist/[22m[2massets/[22m[36mUnifiedAwardsManagement-BkkMo_CX.js       [39m[1m[2m 20.02 kB[22m[1m[22m[2m │ gzip:  5.09 kB[22m
[2mdist/[22m[2massets/[22m[36mStudentDashboard-CrzNaV8N.js              [39m[1m[2m 21.41 kB[22m[1m[22m[2m │ gzip:  6.33 kB[22m
[2mdist/[22m[2massets/[22m[36mTeacherDashboard-BTZQxF46.js              [39m[1m[2m 33.18 kB[22m[1m[22m[2m │ gzip:  9.34 kB[22m
[2mdist/[22m[2massets/[22m[36mindex-NIQ0ezHa.js                         [39m[1m[2m321.90 kB[22m[1m[22m[2m │ gzip: 97.30 kB[22m
[32m✓ built in 782ms[39m
